<?xml version="1.0" encoding="UTF-8"?>
<!-- Generated by org.testng.reporters.JUnitReportReporter -->
<testsuite hostname="Ilzat-PC" name="automationSuite.SmokeTest" tests="1" failures="0" timestamp="19 Jun 2017 21:09:01 GMT" time="8.885" errors="0">
  <testcase name="testToolQA" time="8.885" classname="automationSuite.SmokeTest"/>
</testsuite> <!-- automationSuite.SmokeTest -->
